ERROR:  11.05.2023 17:13:59 Database file XS_DRIVER plotdev.bin open failed
ERROR:  11.05.2023 17:14:00 Sketch order number not found for sketch item 4C51152E-0000-0282-3132-383033383233, reordering
ERROR:  11.05.2023 17:14:00 Sketch order number not found for sketch item 4C51152E-0000-0282-3132-383033383233, reordering
ERROR:  11.05.2023 17:14:00 Sketch order number not found for sketch item 519CA9BA-0002-268C-3133-363932323531, reordering
ERROR:  11.05.2023 17:14:00 Sketch order number not found for sketch item 519CA9BA-0002-268C-3133-363932323531, reordering
ERROR:  11.05.2023 17:14:00 Sketch order number not found for sketch item 4C51152E-0000-03D9-3132-383033383233, reordering
ERROR:  11.05.2023 17:14:00 Sketch order number not found for sketch item 4C51152E-0000-03D9-3132-383033383233, reordering
ERROR:  11.05.2023 17:14:00 Sketch order number not found for sketch item f29e6053-599a-49d4-8325-a3c1ba3b29ce, reordering
ERROR:  11.05.2023 17:14:00 Sketch order number not found for sketch item f29e6053-599a-49d4-8325-a3c1ba3b29ce, reordering
ERROR:  11.05.2023 17:14:00 Sketch order number not found for sketch item 6afade59-221a-42bb-be44-4cbd8a620dc3, reordering
ERROR:  11.05.2023 17:14:00 Sketch order number not found for sketch item 6afade59-221a-42bb-be44-4cbd8a620dc3, reordering
ERROR:  11.05.2023 17:14:00 Sketch order number not found for sketch item a82769f6-3391-46ba-a3b6-dc4d3087a912, reordering
ERROR:  11.05.2023 17:14:00 Sketch order number not found for sketch item ebc627c2-133b-4fba-a01d-3fe621eec3f4, reordering
ERROR:  11.05.2023 17:14:00 Sketch order number not found for sketch item 78a5476e-779c-47aa-8f04-7f734485a405, reordering
ERROR:  11.05.2023 17:14:00 Sketch order number not found for sketch item 10e8f09c-7c7b-4900-b1f2-ccf9c4e05d24, reordering
ERROR:  11.05.2023 17:14:00 Sketch order number not found for sketch item 7160ceab-86e5-44af-abb3-96c29082a00b, reordering
ERROR:  11.05.2023 17:14:00 Sketch order number not found for sketch item 04ed52d6-ceda-477e-a2aa-c0c2bf6b6120, reordering
ERROR:  11.05.2023 17:14:00 Sketch order number not found for sketch item 296ccde6-b75c-46c8-8166-a60a85918bfc, reordering
ERROR:  11.05.2023 17:14:00 Sketch order number not found for sketch item 67266b04-a861-4802-82cc-91e56b0d65d4, reordering
ERROR:  11.05.2023 17:14:00 Sketch order number not found for sketch item 81e50a5b-1587-4397-b295-c6148b0d5806, reordering
ERROR:  11.05.2023 17:14:00 Sketch order number not found for sketch item a82769f6-3391-46ba-a3b6-dc4d3087a912, reordering
ERROR:  11.05.2023 17:14:00 Sketch order number not found for sketch item ebc627c2-133b-4fba-a01d-3fe621eec3f4, reordering
ERROR:  11.05.2023 17:14:00 Sketch order number not found for sketch item 78a5476e-779c-47aa-8f04-7f734485a405, reordering
ERROR:  11.05.2023 17:14:00 Sketch order number not found for sketch item 367ad4df-38f9-447d-b612-92235502c426, reordering
ERROR:  11.05.2023 17:14:00 Sketch order number not found for sketch item 7160ceab-86e5-44af-abb3-96c29082a00b, reordering
ERROR:  11.05.2023 17:14:00 Sketch order number not found for sketch item 80df3b1c-42a8-4057-9f19-3903d9880b67, reordering
ERROR:  11.05.2023 17:14:00 Sketch order number not found for sketch item 296ccde6-b75c-46c8-8166-a60a85918bfc, reordering
ERROR:  11.05.2023 17:14:00 Sketch order number not found for sketch item 67266b04-a861-4802-82cc-91e56b0d65d4, reordering
ERROR:  11.05.2023 17:14:00 Sketch order number not found for sketch item 81e50a5b-1587-4397-b295-c6148b0d5806, reordering
ERROR:  11.05.2023 17:14:00 Sketch order number not found for sketch item 53FC67D3-0000-7D75-3134-303930353830, reordering
ERROR:  11.05.2023 17:14:00 Sketch order number not found for sketch item 53FC67D3-0000-7D75-3134-303930353830, reordering
ERROR:  11.05.2023 17:14:00 Sketch order number not found for sketch item 53FC67D3-0000-7B83-3134-303930353830, reordering
ERROR:  11.05.2023 17:14:00 Sketch order number not found for sketch item 53FC67D3-0000-7B83-3134-303930353830, reordering
ERROR:  11.05.2023 17:14:00 Sketch order number not found for sketch item 53FC67D3-0000-7C9D-3134-303930353830, reordering
ERROR:  11.05.2023 17:14:01 Sketch order number not found for sketch item 53FC67D3-0000-7C9D-3134-303930353830, reordering
ERROR:  11.05.2023 17:14:01 Sketch order number not found for sketch item 5C536EAE-0000-2B89-3135-343839373138, reordering
ERROR:  11.05.2023 17:14:01 Sketch order number not found for sketch item 5C536EAE-0000-2B89-3135-343839373138, reordering
ERROR:  11.05.2023 17:14:01 Sketch order number not found for sketch item 4C5267C4-0000-0968-3132-383034373733, reordering
ERROR:  11.05.2023 17:14:01 Sketch order number not found for sketch item 4C5267C4-0000-0968-3132-383034373733, reordering
ERROR:  11.05.2023 17:14:01 Sketch order number not found for sketch item fe849a63-1757-4a5a-bac6-ee6a68e6f851, reordering
ERROR:  11.05.2023 17:14:01 Sketch order number not found for sketch item fe849a63-1757-4a5a-bac6-ee6a68e6f851, reordering
ERROR:  11.05.2023 17:24:32 Could not find UI name for plugin named Балка
ERROR:  11.05.2023 17:32:01 Could not find UI name for plugin named 
ERROR:  11.05.2023 17:32:13 Could not find UI name for plugin named Балка
ERROR:  11.05.2023 17:32:13 Could not find UI name for plugin named Балка
ERROR:  11.05.2023 17:32:13 Could not find UI name for plugin named Балка
ERROR:  11.05.2023 17:32:13 Could not find UI name for plugin named Балка
ERROR:  11.05.2023 17:32:13 Could not find UI name for plugin named Балка
ERROR:  11.05.2023 17:32:13 Could not find UI name for plugin named Балка
ERROR:  11.05.2023 17:32:13 Could not find UI name for plugin named Балка
ERROR:  11.05.2023 17:32:13 Could not find UI name for plugin named Балка
ERROR:  11.05.2023 17:32:13 Could not find UI name for plugin named Балка
ERROR:  11.05.2023 17:32:13 Could not find UI name for plugin named Балка
ERROR:  11.05.2023 17:32:13 Could not find UI name for plugin named Балка
ERROR:  11.05.2023 17:32:13 Could not find UI name for plugin named Балка
ERROR:  11.05.2023 17:32:13 Could not find UI name for plugin named Балка
ERROR:  11.05.2023 17:32:13 Could not find UI name for plugin named Балка
ERROR:  11.05.2023 17:32:13 Could not find UI name for plugin named Балка
ERROR:  11.05.2023 17:32:13 Could not find UI name for plugin named Балка
ERROR:  11.05.2023 17:32:13 Could not find UI name for plugin named Балка
ERROR:  11.05.2023 17:32:13 Could not find UI name for plugin named Балка
ERROR:  11.05.2023 17:32:13 Could not find UI name for plugin named Балка
ERROR:  11.05.2023 17:32:13 Could not find UI name for plugin named Балка
ERROR:  11.05.2023 17:32:13 Could not find UI name for plugin named Балка
ERROR:  11.05.2023 17:32:13 Could not find UI name for plugin named Балка
ERROR:  11.05.2023 17:32:13 Could not find UI name for plugin named Балка
ERROR:  11.05.2023 17:32:13 Could not find UI name for plugin named Балка
ERROR:  11.05.2023 17:32:13 Could not find UI name for plugin named Балка
ERROR:  11.05.2023 17:32:13 Could not find UI name for plugin named Балка
ERROR:  11.05.2023 17:32:13 Could not find UI name for plugin named Балка
ERROR:  11.05.2023 17:32:13 Could not find UI name for plugin named Балка
ERROR:  11.05.2023 17:32:13 Could not find UI name for plugin named Балка
ERROR:  11.05.2023 17:32:13 Could not find UI name for plugin named Балка
ERROR:  11.05.2023 17:32:13 Could not find UI name for plugin named Балка
ERROR:  11.05.2023 17:32:13 Could not find UI name for plugin named Балка
ERROR:  11.05.2023 17:32:13 Could not find UI name for plugin named Балка
ERROR:  11.05.2023 17:32:13 Could not find UI name for plugin named Балка
ERROR:  11.05.2023 17:32:13 Could not find UI name for plugin named Балка
ERROR:  11.05.2023 17:32:13 Could not find UI name for plugin named Балка
ERROR:  11.05.2023 17:32:13 Could not find UI name for plugin named Балка
ERROR:  11.05.2023 17:32:13 Could not find UI name for plugin named Балка
ERROR:  11.05.2023 17:32:13 Could not find UI name for plugin named Балка
ERROR:  11.05.2023 17:32:13 Could not find UI name for plugin named Балка
ERROR:  11.05.2023 17:32:13 Could not find UI name for plugin named Балка
ERROR:  11.05.2023 17:32:14 Could not find UI name for plugin named Балка
ERROR:  11.05.2023 17:32:14 Could not find UI name for plugin named Балка
ERROR:  11.05.2023 17:32:14 Could not find UI name for plugin named Балка
ERROR:  11.05.2023 17:32:14 Could not find UI name for plugin named Балка
ERROR:  11.05.2023 17:32:14 Could not find UI name for plugin named Балка
ERROR:  11.05.2023 17:32:14 Could not find UI name for plugin named Балка
ERROR:  11.05.2023 17:32:14 Could not find UI name for plugin named Балка
ERROR:  11.05.2023 17:32:14 Could not find UI name for plugin named Балка
ERROR:  11.05.2023 17:32:14 Could not find UI name for plugin named Балка
ERROR:  11.05.2023 17:32:14 Could not find UI name for plugin named Балка
ERROR:  11.05.2023 17:32:14 Could not find UI name for plugin named Балка
ERROR:  11.05.2023 17:32:14 Could not find UI name for plugin named Балка
ERROR:  11.05.2023 17:32:14 Could not find UI name for plugin named Балка
ERROR:  11.05.2023 17:32:14 Could not find UI name for plugin named Балка
ERROR:  11.05.2023 17:32:14 Could not find UI name for plugin named Балка
ERROR:  11.05.2023 17:32:14 Could not find UI name for plugin named Балка
ERROR:  11.05.2023 17:32:14 Could not find UI name for plugin named Балка
ERROR:  11.05.2023 17:32:14 Could not find UI name for plugin named Балка
ERROR:  11.05.2023 17:32:14 Could not find UI name for plugin named Балка
ERROR:  11.05.2023 17:32:14 Could not find UI name for plugin named Балка
ERROR:  11.05.2023 17:32:14 Could not find UI name for plugin named Балка
ERROR:  11.05.2023 17:32:14 Could not find UI name for plugin named Балка
ERROR:  11.05.2023 17:32:14 Could not find UI name for plugin named Балка
ERROR:  11.05.2023 17:32:14 Could not find UI name for plugin named Балка
ERROR:  11.05.2023 17:32:14 Could not find UI name for plugin named Балка
ERROR:  11.05.2023 17:32:14 Could not find UI name for plugin named Балка
ERROR:  11.05.2023 17:32:14 Could not find UI name for plugin named Балка
ERROR:  11.05.2023 17:32:14 Could not find UI name for plugin named Балка
ERROR:  11.05.2023 17:32:14 Could not find UI name for plugin named Балка
ERROR:  11.05.2023 17:32:14 Could not find UI name for plugin named Балка
ERROR:  11.05.2023 17:32:14 Could not find UI name for plugin named Балка
ERROR:  11.05.2023 17:32:14 Could not find UI name for plugin named Балка
ERROR:  11.05.2023 17:32:14 Could not find UI name for plugin named Балка
ERROR:  11.05.2023 17:32:14 Could not find UI name for plugin named Балка
ERROR:  11.05.2023 17:32:14 Could not find UI name for plugin named Балка
ERROR:  11.05.2023 17:32:14 Could not find UI name for plugin named Балка
ERROR:  11.05.2023 17:32:14 Could not find UI name for plugin named Балка
ERROR:  11.05.2023 17:32:14 Could not find UI name for plugin named Балка
ERROR:  11.05.2023 17:32:14 Could not find UI name for plugin named Балка
ERROR:  11.05.2023 17:32:14 Could not find UI name for plugin named Балка
ERROR:  11.05.2023 17:32:14 Could not find UI name for plugin named Балка
ERROR:  11.05.2023 17:32:14 Could not find UI name for plugin named Балка
ERROR:  11.05.2023 17:32:14 Could not find UI name for plugin named Балка
ERROR:  11.05.2023 17:32:14 Could not find UI name for plugin named Балка
ERROR:  11.05.2023 17:32:14 Could not find UI name for plugin named Балка
ERROR:  11.05.2023 17:32:14 Could not find UI name for plugin named Балка
ERROR:  11.05.2023 17:32:14 Could not find UI name for plugin named Балка
ERROR:  11.05.2023 17:32:14 Could not find UI name for plugin named Балка
ERROR:  11.05.2023 17:32:14 Could not find UI name for plugin named Балка
ERROR:  11.05.2023 17:32:14 Could not find UI name for plugin named Балка
ERROR:  11.05.2023 17:32:14 Could not find UI name for plugin named Балка
ERROR:  11.05.2023 17:32:14 Could not find UI name for plugin named Балка
ERROR:  11.05.2023 17:32:14 Could not find UI name for plugin named Балка
ERROR:  11.05.2023 17:32:14 Could not find UI name for plugin named Балка
ERROR:  11.05.2023 17:32:14 Could not find UI name for plugin named Балка
ERROR:  11.05.2023 17:32:14 Could not find UI name for plugin named Балка
ERROR:  11.05.2023 17:32:14 Could not find UI name for plugin named Балка
ERROR:  11.05.2023 17:32:14 Could not find UI name for plugin named Балка
ERROR:  11.05.2023 17:32:14 Could not find UI name for plugin named Балка
ERROR:  11.05.2023 17:32:14 Could not find UI name for plugin named Балка
ERROR:  11.05.2023 17:32:14 Could not find UI name for plugin named Балка
ERROR:  11.05.2023 17:32:14 Could not find UI name for plugin named Балка
ERROR:  11.05.2023 17:32:14 Could not find UI name for plugin named Балка
ERROR:  11.05.2023 17:32:14 Could not find UI name for plugin named Балка
ERROR:  11.05.2023 17:32:14 Could not find UI name for plugin named Балка
ERROR:  11.05.2023 17:32:14 Could not find UI name for plugin named Балка
ERROR:  11.05.2023 17:32:14 Could not find UI name for plugin named Балка
ERROR:  11.05.2023 17:32:14 Could not find UI name for plugin named Балка
ERROR:  11.05.2023 17:32:14 Could not find UI name for plugin named Балка
ERROR:  11.05.2023 17:32:14 Could not find UI name for plugin named Балка
ERROR:  11.05.2023 17:32:14 Could not find UI name for plugin named Балка
ERROR:  11.05.2023 17:32:14 Could not find UI name for plugin named Балка
ERROR:  11.05.2023 17:32:14 Could not find UI name for plugin named Балка
ERROR:  11.05.2023 17:32:14 Could not find UI name for plugin named Балка
ERROR:  11.05.2023 17:32:14 Could not find UI name for plugin named Балка
ERROR:  11.05.2023 17:32:14 Could not find UI name for plugin named Балка
ERROR:  11.05.2023 17:32:14 Could not find UI name for plugin named Балка
ERROR:  11.05.2023 17:33:14 Could not find UI name for plugin named 
ERROR:  11.05.2023 17:33:20 Could not find UI name for plugin named 
ERROR:  11.05.2023 17:34:12 Could not find UI name for plugin named 
ERROR:  11.05.2023 17:35:06 Could not find UI name for plugin named 
ERROR:  11.05.2023 17:35:06 Could not find UI name for plugin named Сварка
ERROR:  11.05.2023 17:35:31 Could not find UI name for plugin named 
ERROR:  11.05.2023 17:35:36 Could not find UI name for plugin named 
ERROR:  11.05.2023 17:35:45 Could not find UI name for plugin named 
ERROR:  11.05.2023 17:36:32 Could not find UI name for plugin named 
ERROR:  11.05.2023 17:36:40 Could not find UI name for plugin named 
ERROR:  11.05.2023 17:36:49 Could not find UI name for plugin named 
ERROR:  11.05.2023 17:36:56 Could not find UI name for plugin named 
ERROR:  11.05.2023 17:38:28 Could not find UI name for plugin named 
ERROR:  11.05.2023 17:38:33 Could not find UI name for plugin named 
ERROR:  11.05.2023 17:38:38 Could not find UI name for plugin named 
ERROR:  11.05.2023 17:40:09 Could not find UI name for plugin named 
ERROR:  11.05.2023 17:40:18 Could not find UI name for plugin named 
ERROR:  11.05.2023 17:40:35 Could not find UI name for plugin named 
ERROR:  11.05.2023 17:41:31 Could not find UI name for plugin named 
ERROR:  11.05.2023 17:50:08 Could not find UI name for plugin named 
ERROR:  11.05.2023 17:50:21 Could not find UI name for plugin named 
ERROR:  11.05.2023 17:50:32 Could not find UI name for plugin named 
ERROR:  11.05.2023 17:51:21 Could not find UI name for plugin named 
ERROR:  11.05.2023 17:51:33 Could not find UI name for plugin named 
ERROR:  11.05.2023 17:52:41 Could not find UI name for plugin named 
ERROR:  11.05.2023 17:52:47 Could not find UI name for plugin named 
ERROR:  11.05.2023 17:53:27 Could not find UI name for plugin named Балка
ERROR:  11.05.2023 17:53:27 Could not find UI name for plugin named Балка
ERROR:  11.05.2023 17:54:48 Could not find UI name for plugin named 
ERROR:  11.05.2023 17:55:21 Could not find UI name for plugin named 
ERROR:  11.05.2023 17:55:37 Could not find UI name for plugin named 
ERROR:  11.05.2023 17:56:44 Could not find UI name for plugin named 
ERROR:  11.05.2023 17:57:12 Could not find UI name for plugin named 
ERROR:  11.05.2023 18:01:37 Could not find UI name for plugin named Балка
ERROR:  11.05.2023 18:02:06 Could not find UI name for plugin named 
ERROR:  11.05.2023 18:04:27 Could not find UI name for plugin named 
ERROR:  11.05.2023 18:05:06 Could not find UI name for plugin named 
ERROR:  11.05.2023 18:05:53 Could not find UI name for plugin named 
ERROR:  11.05.2023 18:06:10 Could not find UI name for plugin named 
ERROR:  11.05.2023 18:06:10 Could not find UI name for plugin named Контурная пластина
ERROR:  11.05.2023 18:09:49 Could not find UI name for plugin named Балка
ERROR:  11.05.2023 18:09:49 Could not find UI name for plugin named Балка
ERROR:  11.05.2023 18:09:59 Could not find UI name for plugin named 
ERROR:  11.05.2023 18:10:06 Could not find UI name for plugin named 
ERROR:  11.05.2023 18:10:13 Could not find UI name for plugin named 
ERROR:  11.05.2023 18:10:17 Could not find UI name for plugin named 
ERROR:  11.05.2023 18:10:22 Could not find UI name for plugin named 
ERROR:  11.05.2023 18:10:28 Could not find UI name for plugin named 
ERROR:  11.05.2023 18:10:32 Could not find UI name for plugin named 
ERROR:  11.05.2023 18:10:33 Could not find UI name for plugin named 
ERROR:  11.05.2023 18:20:14 Could not find UI name for plugin named 
ERROR:  11.05.2023 18:20:53 Could not find UI name for plugin named 
ERROR:  11.05.2023 18:21:00 Could not find UI name for plugin named 
ERROR:  11.05.2023 18:21:10 Could not find UI name for plugin named 
ERROR:  11.05.2023 18:21:58 Could not find UI name for plugin named 
ERROR:  11.05.2023 18:22:10 Could not find UI name for plugin named 
ERROR:  11.05.2023 18:22:24 Could not find UI name for plugin named 
ERROR:  11.05.2023 18:23:46 Could not find UI name for plugin named 
ERROR:  11.05.2023 18:24:36 Could not find UI name for plugin named 
ERROR:  11.05.2023 18:29:51 Could not find UI name for plugin named 
ERROR:  11.05.2023 18:30:05 Could not find UI name for plugin named 
ERROR:  11.05.2023 18:30:13 Could not find UI name for plugin named 
ERROR:  11.05.2023 18:30:19 Could not find UI name for plugin named 
ERROR:  11.05.2023 18:31:08 Could not find UI name for plugin named 
ERROR:  11.05.2023 18:31:54 Could not find UI name for plugin named 
ERROR:  11.05.2023 18:32:06 Could not find UI name for plugin named 
ERROR:  11.05.2023 18:35:42 Could not find UI name for plugin named 
ERROR:  11.05.2023 18:35:47 Could not find UI name for plugin named 
ERROR:  11.05.2023 18:37:45 Could not find UI name for plugin named Балка
ERROR:  11.05.2023 18:37:45 Could not find UI name for plugin named Балка
ERROR:  11.05.2023 18:37:45 Could not find UI name for plugin named Балка
ERROR:  11.05.2023 18:37:45 Could not find UI name for plugin named Балка
ERROR:  11.05.2023 18:37:45 Could not find UI name for plugin named Балка
ERROR:  11.05.2023 18:37:45 Could not find UI name for plugin named Балка
ERROR:  11.05.2023 18:37:45 Could not find UI name for plugin named Балка
ERROR:  11.05.2023 18:37:45 Could not find UI name for plugin named Балка
ERROR:  11.05.2023 18:37:45 Could not find UI name for plugin named Балка
ERROR:  11.05.2023 18:37:45 Could not find UI name for plugin named Балка
ERROR:  11.05.2023 18:37:45 Could not find UI name for plugin named Балка
ERROR:  11.05.2023 18:37:45 Could not find UI name for plugin named Балка
ERROR:  11.05.2023 18:37:45 Could not find UI name for plugin named Балка
ERROR:  11.05.2023 18:37:45 Could not find UI name for plugin named Балка
ERROR:  11.05.2023 18:37:45 Could not find UI name for plugin named Балка
ERROR:  11.05.2023 18:37:45 Could not find UI name for plugin named Балка
ERROR:  11.05.2023 18:37:45 Could not find UI name for plugin named Балка
ERROR:  11.05.2023 18:37:45 Could not find UI name for plugin named Балка
ERROR:  11.05.2023 18:37:45 Could not find UI name for plugin named Балка
ERROR:  11.05.2023 18:37:45 Could not find UI name for plugin named Балка
ERROR:  11.05.2023 18:37:45 Could not find UI name for plugin named Балка
ERROR:  11.05.2023 18:37:45 Could not find UI name for plugin named Балка
ERROR:  11.05.2023 18:37:45 Could not find UI name for plugin named Балка
ERROR:  11.05.2023 18:37:45 Could not find UI name for plugin named Балка
ERROR:  11.05.2023 18:37:45 Could not find UI name for plugin named Балка
ERROR:  11.05.2023 18:37:45 Could not find UI name for plugin named Балка
ERROR:  11.05.2023 18:37:45 Could not find UI name for plugin named Балка
ERROR:  11.05.2023 18:37:45 Could not find UI name for plugin named Балка
ERROR:  11.05.2023 18:37:45 Could not find UI name for plugin named Балка
ERROR:  11.05.2023 18:37:45 Could not find UI name for plugin named Балка
ERROR:  11.05.2023 18:37:45 Could not find UI name for plugin named Балка
ERROR:  11.05.2023 18:37:45 Could not find UI name for plugin named Балка
ERROR:  11.05.2023 18:37:45 Could not find UI name for plugin named Балка
ERROR:  11.05.2023 18:37:45 Could not find UI name for plugin named Балка
ERROR:  11.05.2023 18:37:45 Could not find UI name for plugin named Балка
ERROR:  11.05.2023 18:37:45 Could not find UI name for plugin named Балка
ERROR:  11.05.2023 18:37:45 Could not find UI name for plugin named Балка
ERROR:  11.05.2023 18:37:45 Could not find UI name for plugin named Балка
ERROR:  11.05.2023 18:37:45 Could not find UI name for plugin named Балка
ERROR:  11.05.2023 18:37:45 Could not find UI name for plugin named Балка
ERROR:  11.05.2023 18:37:45 Could not find UI name for plugin named Балка
ERROR:  11.05.2023 18:37:45 Could not find UI name for plugin named Балка
ERROR:  11.05.2023 18:37:45 Could not find UI name for plugin named Балка
ERROR:  11.05.2023 18:37:45 Could not find UI name for plugin named Балка
ERROR:  11.05.2023 18:37:45 Could not find UI name for plugin named Балка
ERROR:  11.05.2023 18:37:45 Could not find UI name for plugin named Балка
ERROR:  11.05.2023 18:37:45 Could not find UI name for plugin named Балка
ERROR:  11.05.2023 18:37:45 Could not find UI name for plugin named Балка
ERROR:  11.05.2023 18:37:45 Could not find UI name for plugin named Балка
ERROR:  11.05.2023 18:37:45 Could not find UI name for plugin named Балка
ERROR:  11.05.2023 18:37:45 Could not find UI name for plugin named Балка
ERROR:  11.05.2023 18:37:45 Could not find UI name for plugin named Балка
ERROR:  11.05.2023 18:37:45 Could not find UI name for plugin named Балка
ERROR:  11.05.2023 18:37:45 Could not find UI name for plugin named Балка
ERROR:  11.05.2023 18:37:45 Could not find UI name for plugin named Балка
ERROR:  11.05.2023 18:37:45 Could not find UI name for plugin named Балка
ERROR:  11.05.2023 18:37:45 Could not find UI name for plugin named Балка
ERROR:  11.05.2023 18:37:45 Could not find UI name for plugin named Балка
ERROR:  11.05.2023 18:37:45 Could not find UI name for plugin named Балка
ERROR:  11.05.2023 18:37:45 Could not find UI name for plugin named Балка
ERROR:  11.05.2023 18:37:45 Could not find UI name for plugin named Балка
ERROR:  11.05.2023 18:37:45 Could not find UI name for plugin named Балка
ERROR:  11.05.2023 18:37:45 Could not find UI name for plugin named Балка
ERROR:  11.05.2023 18:37:45 Could not find UI name for plugin named Балка
ERROR:  11.05.2023 18:37:45 Could not find UI name for plugin named Балка
ERROR:  11.05.2023 18:37:45 Could not find UI name for plugin named Балка
ERROR:  11.05.2023 18:37:45 Could not find UI name for plugin named Балка
ERROR:  11.05.2023 18:37:45 Could not find UI name for plugin named Балка
ERROR:  11.05.2023 18:37:45 Could not find UI name for plugin named Балка
ERROR:  11.05.2023 18:37:45 Could not find UI name for plugin named Балка
ERROR:  11.05.2023 18:37:45 Could not find UI name for plugin named Балка
ERROR:  11.05.2023 18:37:45 Could not find UI name for plugin named Балка
ERROR:  11.05.2023 18:37:45 Could not find UI name for plugin named Балка
ERROR:  11.05.2023 18:37:45 Could not find UI name for plugin named Балка
ERROR:  11.05.2023 18:37:45 Could not find UI name for plugin named Балка
ERROR:  11.05.2023 18:37:45 Could not find UI name for plugin named Балка
ERROR:  11.05.2023 18:37:45 Could not find UI name for plugin named Балка
ERROR:  11.05.2023 18:37:45 Could not find UI name for plugin named Балка
ERROR:  11.05.2023 18:37:45 Could not find UI name for plugin named Балка
ERROR:  11.05.2023 18:37:45 Could not find UI name for plugin named Балка
ERROR:  11.05.2023 18:37:45 Could not find UI name for plugin named Балка
ERROR:  11.05.2023 18:37:45 Could not find UI name for plugin named Балка
ERROR:  11.05.2023 18:37:45 Could not find UI name for plugin named Балка
ERROR:  11.05.2023 18:37:45 Could not find UI name for plugin named Балка
ERROR:  11.05.2023 18:37:45 Could not find UI name for plugin named Балка
ERROR:  11.05.2023 18:37:45 Could not find UI name for plugin named Балка
ERROR:  11.05.2023 18:37:45 Could not find UI name for plugin named Балка
ERROR:  11.05.2023 18:37:45 Could not find UI name for plugin named Балка
ERROR:  11.05.2023 18:37:45 Could not find UI name for plugin named Балка
ERROR:  11.05.2023 18:37:45 Could not find UI name for plugin named Балка
ERROR:  11.05.2023 18:37:45 Could not find UI name for plugin named Балка
ERROR:  11.05.2023 18:37:45 Could not find UI name for plugin named Балка
ERROR:  11.05.2023 18:37:45 Could not find UI name for plugin named Балка
ERROR:  11.05.2023 18:37:45 Could not find UI name for plugin named Балка
ERROR:  11.05.2023 18:37:45 Could not find UI name for plugin named Балка
ERROR:  11.05.2023 18:37:45 Could not find UI name for plugin named Балка
ERROR:  11.05.2023 18:37:45 Could not find UI name for plugin named Балка
ERROR:  11.05.2023 18:37:45 Could not find UI name for plugin named Балка
ERROR:  11.05.2023 18:37:45 Could not find UI name for plugin named Балка
ERROR:  11.05.2023 18:37:45 Could not find UI name for plugin named Балка
ERROR:  11.05.2023 18:37:45 Could not find UI name for plugin named Балка
ERROR:  11.05.2023 18:37:45 Could not find UI name for plugin named Балка
ERROR:  11.05.2023 18:37:45 Could not find UI name for plugin named Балка
ERROR:  11.05.2023 18:37:45 Could not find UI name for plugin named Балка
ERROR:  11.05.2023 18:37:45 Could not find UI name for plugin named Балка
ERROR:  11.05.2023 18:37:45 Could not find UI name for plugin named Балка
ERROR:  11.05.2023 18:37:45 Could not find UI name for plugin named Балка
ERROR:  11.05.2023 18:37:45 Could not find UI name for plugin named Балка
ERROR:  11.05.2023 18:37:45 Could not find UI name for plugin named Балка
ERROR:  11.05.2023 18:37:45 Could not find UI name for plugin named Балка
ERROR:  11.05.2023 18:37:45 Could not find UI name for plugin named Балка
ERROR:  11.05.2023 18:37:45 Could not find UI name for plugin named Балка
ERROR:  11.05.2023 18:37:45 Could not find UI name for plugin named Балка
ERROR:  11.05.2023 18:37:45 Could not find UI name for plugin named Балка
ERROR:  11.05.2023 18:37:45 Could not find UI name for plugin named Балка
ERROR:  11.05.2023 18:37:45 Could not find UI name for plugin named Балка
ERROR:  11.05.2023 18:37:45 Could not find UI name for plugin named Балка
ERROR:  11.05.2023 18:37:45 Could not find UI name for plugin named Балка
ERROR:  11.05.2023 18:38:12 Could not find UI name for plugin named 
ERROR:  11.05.2023 18:38:37 Could not find UI name for plugin named 
ERROR:  11.05.2023 18:38:45 Could not find UI name for plugin named 
ERROR:  11.05.2023 18:44:07 Could not find UI name for plugin named 
ERROR:  11.05.2023 18:44:27 Could not find UI name for plugin named 
ERROR:  11.05.2023 18:44:27 Could not find UI name for plugin named Болт
ERROR:  11.05.2023 18:45:26 Could not find UI name for plugin named Балка
ERROR:  11.05.2023 18:45:26 Could not find UI name for plugin named Балка
ERROR:  11.05.2023 18:45:31 Could not find UI name for plugin named Колонна
ERROR:  11.05.2023 18:45:31 Could not find UI name for plugin named Колонна
ERROR:  11.05.2023 18:46:16 Could not find UI name for plugin named Бетонный элемент
ERROR:  11.05.2023 18:46:26 Could not find UI name for plugin named Блочный фундамент
ERROR:  11.05.2023 18:48:55 Could not find UI name for plugin named 
ERROR:  11.05.2023 18:49:14 Could not find UI name for plugin named 
ERROR:  11.05.2023 18:50:21 Could not find UI name for plugin named 
ERROR:  11.05.2023 18:50:52 Could not find UI name for plugin named 
ERROR:  11.05.2023 18:51:07 Could not find UI name for plugin named 
ERROR:  11.05.2023 18:51:16 Could not find UI name for plugin named 
ERROR:  11.05.2023 18:51:29 Could not find UI name for plugin named 
ERROR:  11.05.2023 18:56:33 Could not find UI name for plugin named 
ERROR:  11.05.2023 19:00:03 Could not find UI name for plugin named 
ERROR:  11.05.2023 19:00:27 Could not find UI name for plugin named 
ERROR:  11.05.2023 19:00:47 Could not find UI name for plugin named 
ERROR:  11.05.2023 19:00:54 Could not find UI name for plugin named 
ERROR:  11.05.2023 19:01:41 Could not find UI name for plugin named 
ERROR:  11.05.2023 19:02:02 Could not find UI name for plugin named 
ERROR:  11.05.2023 19:02:12 Could not find UI name for plugin named 
ERROR:  11.05.2023 19:02:26 Could not find UI name for plugin named 
ERROR:  11.05.2023 19:02:40 Could not find UI name for plugin named 
ERROR:  11.05.2023 19:02:56 Could not find UI name for plugin named 
ERROR:  11.05.2023 19:03:12 Could not find UI name for plugin named 
ERROR:  11.05.2023 19:03:32 Could not find UI name for plugin named 
ERROR:  11.05.2023 19:05:30 Could not find UI name for plugin named 
ERROR:  11.05.2023 19:05:46 Could not find UI name for plugin named 
ERROR:  11.05.2023 19:05:59 Could not find UI name for plugin named 
ERROR:  11.05.2023 19:06:06 Could not find UI name for plugin named 
ERROR:  11.05.2023 19:06:11 Could not find UI name for plugin named 
ERROR:  11.05.2023 19:06:25 Could not find UI name for plugin named 
ERROR:  11.05.2023 19:07:57 Could not find UI name for plugin named Балка
ERROR:  11.05.2023 19:08:29 Could not find UI name for plugin named 
ERROR:  11.05.2023 19:08:42 Could not find UI name for plugin named 
ERROR:  11.05.2023 19:09:18 Could not find UI name for plugin named 
ERROR:  11.05.2023 21:05:24 Could not find UI name for plugin named 
ERROR:  11.05.2023 21:05:28 Could not find UI name for plugin named 
ERROR:  11.05.2023 21:07:11 Could not find UI name for plugin named 
